<?xml version="1.0" encoding="UTF-8"?>
<!-- Generated by org.testng.reporters.JUnitXMLReporter -->
<testsuite ignored="0" hostname="DESKTOP-P6GQ53L" failures="0" tests="4" name="Default test" time="10.11" errors="0" timestamp="2023-12-13T10:29:21 IST">
  <testcase classname="api.testValidations.testValidations" name="testPOST" time="4.823"/>
  <testcase classname="api.testValidations.testValidations" name="testGET" time="1.818"/>
  <testcase classname="api.testValidations.testValidations" name="testPUT" time="1.586"/>
  <testcase classname="api.testValidations.testValidations" name="testDELETE" time="1.369"/>
</testsuite> <!-- Default test -->
