<?xml version="1.0" encoding="UTF-8"?>
<!-- Generated by org.testng.reporters.JUnitXMLReporter -->
<testsuite ignored="0" hostname="DESKTOP-P6GQ53L" failures="0" tests="16" name="Test" time="34.105" errors="0" timestamp="2023-12-13T10:30:22 IST">
  <testcase classname="api.testValidations.dataDrivenValidations" name="testPOST" time="4.712"/>
  <testcase classname="api.testValidations.dataDrivenValidations" name="testPOST" time="1.669"/>
  <testcase classname="api.testValidations.dataDrivenValidations" name="testPOST" time="1.533"/>
  <testcase classname="api.testValidations.dataDrivenValidations" name="testPOST" time="1.636"/>
  <testcase classname="api.testValidations.dataDrivenValidations" name="testGET" time="1.819"/>
  <testcase classname="api.testValidations.dataDrivenValidations" name="testGET" time="1.533"/>
  <testcase classname="api.testValidations.dataDrivenValidations" name="testGET" time="1.636"/>
  <testcase classname="api.testValidations.dataDrivenValidations" name="testGET" time="1.535"/>
  <testcase classname="api.testValidations.dataDrivenValidations" name="testDELETE" time="2.542"/>
  <testcase classname="api.testValidations.dataDrivenValidations" name="testDELETE" time="1.825"/>
  <testcase classname="api.testValidations.dataDrivenValidations" name="testDELETE" time="1.634"/>
  <testcase classname="api.testValidations.dataDrivenValidations" name="testDELETE" time="1.533"/>
  <testcase classname="api.testValidations.testValidations" name="testPOST" time="1.492"/>
  <testcase classname="api.testValidations.testValidations" name="testGET" time="1.82"/>
  <testcase classname="api.testValidations.testValidations" name="testPUT" time="1.498"/>
  <testcase classname="api.testValidations.testValidations" name="testDELETE" time="1.932"/>
</testsuite> <!-- Test -->
