<?xml version="1.0" encoding="UTF-8"?>
<!-- Generated by org.testng.reporters.JUnitXMLReporter -->
<testsuite ignored="0" hostname="DESKTOP-P6GQ53L" failures="0" tests="16" name="Test" time="30.191" errors="0" timestamp="2023-12-14T14:00:43 IST">
  <testcase classname="api.testValidations.dataDrivenValidations" name="testPOST" time="3.857"/>
  <testcase classname="api.testValidations.dataDrivenValidations" name="testPOST" time="1.477"/>
  <testcase classname="api.testValidations.dataDrivenValidations" name="testPOST" time="1.533"/>
  <testcase classname="api.testValidations.dataDrivenValidations" name="testPOST" time="1.535"/>
  <testcase classname="api.testValidations.dataDrivenValidations" name="testGET" time="1.514"/>
  <testcase classname="api.testValidations.dataDrivenValidations" name="testGET" time="1.536"/>
  <testcase classname="api.testValidations.dataDrivenValidations" name="testGET" time="1.532"/>
  <testcase classname="api.testValidations.dataDrivenValidations" name="testGET" time="1.433"/>
  <testcase classname="api.testValidations.dataDrivenValidations" name="testDELETE" time="1.515"/>
  <testcase classname="api.testValidations.dataDrivenValidations" name="testDELETE" time="1.517"/>
  <testcase classname="api.testValidations.dataDrivenValidations" name="testDELETE" time="1.434"/>
  <testcase classname="api.testValidations.dataDrivenValidations" name="testDELETE" time="1.534"/>
  <testcase classname="api.testValidations.testValidations" name="testPOST" time="1.471"/>
  <testcase classname="api.testValidations.testValidations" name="testGET" time="1.499"/>
  <testcase classname="api.testValidations.testValidations" name="testPUT" time="1.494"/>
  <testcase classname="api.testValidations.testValidations" name="testDELETE" time="2.44"/>
</testsuite> <!-- Test -->
