<?xml version="1.0" encoding="UTF-8"?>
<!-- Generated by org.testng.reporters.JUnitXMLReporter -->
<testsuite ignored="0" hostname="QASudeep" failures="0" tests="16" name="Test" time="17.08" errors="0" timestamp="2024-01-19T17:33:48 IST">
  <testcase classname="api.testValidations.dataDrivenValidations" name="testPOST" time="3.083"/>
  <testcase classname="api.testValidations.dataDrivenValidations" name="testPOST" time="0.747"/>
  <testcase classname="api.testValidations.dataDrivenValidations" name="testPOST" time="0.814"/>
  <testcase classname="api.testValidations.dataDrivenValidations" name="testPOST" time="0.711"/>
  <testcase classname="api.testValidations.dataDrivenValidations" name="testGET" time="0.674"/>
  <testcase classname="api.testValidations.dataDrivenValidations" name="testGET" time="0.732"/>
  <testcase classname="api.testValidations.dataDrivenValidations" name="testGET" time="0.902"/>
  <testcase classname="api.testValidations.dataDrivenValidations" name="testGET" time="0.918"/>
  <testcase classname="api.testValidations.dataDrivenValidations" name="testDELETE" time="0.694"/>
  <testcase classname="api.testValidations.dataDrivenValidations" name="testDELETE" time="0.713"/>
  <testcase classname="api.testValidations.dataDrivenValidations" name="testDELETE" time="0.718"/>
  <testcase classname="api.testValidations.dataDrivenValidations" name="testDELETE" time="0.606"/>
  <testcase classname="api.testValidations.testValidations" name="testPOST" time="0.833"/>
  <testcase classname="api.testValidations.testValidations" name="testGET" time="0.687"/>
  <testcase classname="api.testValidations.testValidations" name="testPUT" time="0.683"/>
  <testcase classname="api.testValidations.testValidations" name="testDELETE" time="0.898"/>
</testsuite> <!-- Test -->
