<?xml version="1.0" encoding="UTF-8"?>
<testng-results ignored="0" total="16" passed="16" failed="0" skipped="0">
  <reporter-output>
  </reporter-output>
  <suite started-at="2023-12-13T13:39:33 IST" name="Suite" finished-at="2023-12-13T13:40:04 IST" duration-ms="30228">
    <groups>
    </groups>
    <test started-at="2023-12-13T13:39:33 IST" name="Test" finished-at="2023-12-13T13:40:04 IST" duration-ms="30228">
      <class name="api.testValidations.testValidations">
        <test-method is-config="true" signature="setUpPayload()[pri:0, instance:api.testValidations.testValidations@5dcb4f5f]" started-at="2023-12-13T13:39:57 IST" name="setUpPayload" finished-at="2023-12-13T13:39:57 IST" duration-ms="205" status="PASS">
          <reporter-output>
          </reporter-output>
        </test-method> <!-- setUpPayload -->
        <test-method signature="testPOST()[pri:1, instance:api.testValidations.testValidations@5dcb4f5f]" started-at="2023-12-13T13:39:57 IST" name="testPOST" finished-at="2023-12-13T13:39:59 IST" duration-ms="1614" status="PASS">
          <reporter-output>
          </reporter-output>
        </test-method> <!-- testPOST -->
        <test-method is-config="true" signature="setUpPayload()[pri:0, instance:api.testValidations.testValidations@5dcb4f5f]" started-at="2023-12-13T13:39:59 IST" name="setUpPayload" finished-at="2023-12-13T13:39:59 IST" duration-ms="58" status="PASS">
          <reporter-output>
          </reporter-output>
        </test-method> <!-- setUpPayload -->
        <test-method signature="testGET()[pri:2, instance:api.testValidations.testValidations@5dcb4f5f]" started-at="2023-12-13T13:39:59 IST" name="testGET" finished-at="2023-12-13T13:40:00 IST" duration-ms="1623" status="PASS">
          <reporter-output>
          </reporter-output>
        </test-method> <!-- testGET -->
        <test-method is-config="true" signature="setUpPayload()[pri:0, instance:api.testValidations.testValidations@5dcb4f5f]" started-at="2023-12-13T13:40:00 IST" name="setUpPayload" finished-at="2023-12-13T13:40:01 IST" duration-ms="38" status="PASS">
          <reporter-output>
          </reporter-output>
        </test-method> <!-- setUpPayload -->
        <test-method signature="testPUT()[pri:3, instance:api.testValidations.testValidations@5dcb4f5f]" started-at="2023-12-13T13:40:01 IST" name="testPUT" finished-at="2023-12-13T13:40:02 IST" duration-ms="1478" status="PASS">
          <reporter-output>
          </reporter-output>
        </test-method> <!-- testPUT -->
        <test-method is-config="true" signature="setUpPayload()[pri:0, instance:api.testValidations.testValidations@5dcb4f5f]" started-at="2023-12-13T13:40:02 IST" name="setUpPayload" finished-at="2023-12-13T13:40:02 IST" duration-ms="27" status="PASS">
          <reporter-output>
          </reporter-output>
        </test-method> <!-- setUpPayload -->
        <test-method signature="testDELETE()[pri:4, instance:api.testValidations.testValidations@5dcb4f5f]" started-at="2023-12-13T13:40:02 IST" name="testDELETE" finished-at="2023-12-13T13:40:04 IST" duration-ms="1655" status="PASS">
          <reporter-output>
          </reporter-output>
        </test-method> <!-- testDELETE -->
      </class> <!-- api.testValidations.testValidations -->
      <class name="api.testValidations.dataDrivenValidations">
        <test-method signature="testPOST(java.lang.String,java.lang.String,java.lang.String,java.lang.String)[pri:1, instance:api.testValidations.dataDrivenValidations@5e4bd84a]" started-at="2023-12-13T13:39:35 IST" name="testPOST" data-provider="Data" finished-at="2023-12-13T13:39:40 IST" duration-ms="4390" status="PASS">
          <params>
            <param index="0">
              <value>
                <![CDATA[1200]]>
              </value>
            </param>
            <param index="1">
              <value>
                <![CDATA[50]]>
              </value>
            </param>
            <param index="2">
              <value>
                <![CDATA[Palash]]>
              </value>
            </param>
            <param index="3">
              <value>
                <![CDATA[Marconi]]>
              </value>
            </param>
          </params>
          <reporter-output>
          </reporter-output>
        </test-method> <!-- testPOST -->
        <test-method signature="testPOST(java.lang.String,java.lang.String,java.lang.String,java.lang.String)[pri:1, instance:api.testValidations.dataDrivenValidations@5e4bd84a]" started-at="2023-12-13T13:39:40 IST" name="testPOST" data-provider="Data" finished-at="2023-12-13T13:39:41 IST" duration-ms="1550" status="PASS">
          <params>
            <param index="0">
              <value>
                <![CDATA[1300]]>
              </value>
            </param>
            <param index="1">
              <value>
                <![CDATA[45]]>
              </value>
            </param>
            <param index="2">
              <value>
                <![CDATA[Gutthi]]>
              </value>
            </param>
            <param index="3">
              <value>
                <![CDATA[Churmura ]]>
              </value>
            </param>
          </params>
          <reporter-output>
          </reporter-output>
        </test-method> <!-- testPOST -->
        <test-method signature="testPOST(java.lang.String,java.lang.String,java.lang.String,java.lang.String)[pri:1, instance:api.testValidations.dataDrivenValidations@5e4bd84a]" started-at="2023-12-13T13:39:41 IST" name="testPOST" data-provider="Data" finished-at="2023-12-13T13:39:43 IST" duration-ms="1275" status="PASS">
          <params>
            <param index="0">
              <value>
                <![CDATA[1400]]>
              </value>
            </param>
            <param index="1">
              <value>
                <![CDATA[23]]>
              </value>
            </param>
            <param index="2">
              <value>
                <![CDATA[Patthi]]>
              </value>
            </param>
            <param index="3">
              <value>
                <![CDATA[Piloi]]>
              </value>
            </param>
          </params>
          <reporter-output>
          </reporter-output>
        </test-method> <!-- testPOST -->
        <test-method signature="testPOST(java.lang.String,java.lang.String,java.lang.String,java.lang.String)[pri:1, instance:api.testValidations.dataDrivenValidations@5e4bd84a]" started-at="2023-12-13T13:39:43 IST" name="testPOST" data-provider="Data" finished-at="2023-12-13T13:39:44 IST" duration-ms="1599" status="PASS">
          <params>
            <param index="0">
              <value>
                <![CDATA[1340]]>
              </value>
            </param>
            <param index="1">
              <value>
                <![CDATA[34]]>
              </value>
            </param>
            <param index="2">
              <value>
                <![CDATA[Kutti]]>
              </value>
            </param>
            <param index="3">
              <value>
                <![CDATA[Chutiya]]>
              </value>
            </param>
          </params>
          <reporter-output>
          </reporter-output>
        </test-method> <!-- testPOST -->
        <test-method signature="testGET(java.lang.String)[pri:2, instance:api.testValidations.dataDrivenValidations@5e4bd84a]" started-at="2023-12-13T13:39:44 IST" name="testGET" data-provider="authID" finished-at="2023-12-13T13:39:46 IST" duration-ms="1765" status="PASS">
          <params>
            <param index="0">
              <value>
                <![CDATA[50]]>
              </value>
            </param>
          </params>
          <reporter-output>
          </reporter-output>
        </test-method> <!-- testGET -->
        <test-method signature="testGET(java.lang.String)[pri:2, instance:api.testValidations.dataDrivenValidations@5e4bd84a]" started-at="2023-12-13T13:39:46 IST" name="testGET" data-provider="authID" finished-at="2023-12-13T13:39:48 IST" duration-ms="1609" status="PASS">
          <params>
            <param index="0">
              <value>
                <![CDATA[45]]>
              </value>
            </param>
          </params>
          <reporter-output>
          </reporter-output>
        </test-method> <!-- testGET -->
        <test-method signature="testGET(java.lang.String)[pri:2, instance:api.testValidations.dataDrivenValidations@5e4bd84a]" started-at="2023-12-13T13:39:48 IST" name="testGET" data-provider="authID" finished-at="2023-12-13T13:39:49 IST" duration-ms="1587" status="PASS">
          <params>
            <param index="0">
              <value>
                <![CDATA[23]]>
              </value>
            </param>
          </params>
          <reporter-output>
          </reporter-output>
        </test-method> <!-- testGET -->
        <test-method signature="testGET(java.lang.String)[pri:2, instance:api.testValidations.dataDrivenValidations@5e4bd84a]" started-at="2023-12-13T13:39:49 IST" name="testGET" data-provider="authID" finished-at="2023-12-13T13:39:50 IST" duration-ms="1195" status="PASS">
          <params>
            <param index="0">
              <value>
                <![CDATA[34]]>
              </value>
            </param>
          </params>
          <reporter-output>
          </reporter-output>
        </test-method> <!-- testGET -->
        <test-method signature="testDELETE(java.lang.String)[pri:3, instance:api.testValidations.dataDrivenValidations@5e4bd84a]" started-at="2023-12-13T13:39:51 IST" name="testDELETE" data-provider="authID" finished-at="2023-12-13T13:39:52 IST" duration-ms="1482" status="PASS">
          <params>
            <param index="0">
              <value>
                <![CDATA[50]]>
              </value>
            </param>
          </params>
          <reporter-output>
          </reporter-output>
        </test-method> <!-- testDELETE -->
        <test-method signature="testDELETE(java.lang.String)[pri:3, instance:api.testValidations.dataDrivenValidations@5e4bd84a]" started-at="2023-12-13T13:39:52 IST" name="testDELETE" data-provider="authID" finished-at="2023-12-13T13:39:54 IST" duration-ms="1615" status="PASS">
          <params>
            <param index="0">
              <value>
                <![CDATA[45]]>
              </value>
            </param>
          </params>
          <reporter-output>
          </reporter-output>
        </test-method> <!-- testDELETE -->
        <test-method signature="testDELETE(java.lang.String)[pri:3, instance:api.testValidations.dataDrivenValidations@5e4bd84a]" started-at="2023-12-13T13:39:54 IST" name="testDELETE" data-provider="authID" finished-at="2023-12-13T13:39:55 IST" duration-ms="1673" status="PASS">
          <params>
            <param index="0">
              <value>
                <![CDATA[23]]>
              </value>
            </param>
          </params>
          <reporter-output>
          </reporter-output>
        </test-method> <!-- testDELETE -->
        <test-method signature="testDELETE(java.lang.String)[pri:3, instance:api.testValidations.dataDrivenValidations@5e4bd84a]" started-at="2023-12-13T13:39:55 IST" name="testDELETE" data-provider="authID" finished-at="2023-12-13T13:39:57 IST" duration-ms="1599" status="PASS">
          <params>
            <param index="0">
              <value>
                <![CDATA[34]]>
              </value>
            </param>
          </params>
          <reporter-output>
          </reporter-output>
        </test-method> <!-- testDELETE -->
      </class> <!-- api.testValidations.dataDrivenValidations -->
    </test> <!-- Test -->
  </suite> <!-- Suite -->
</testng-results>
