<?xml version="1.0" encoding="UTF-8"?>
<testng-results ignored="0" total="16" passed="16" failed="0" skipped="0">
  <reporter-output>
  </reporter-output>
  <suite started-at="2023-12-14T14:00:12 IST" name="Suite" finished-at="2023-12-14T14:00:42 IST" duration-ms="30191">
    <groups>
    </groups>
    <test started-at="2023-12-14T14:00:12 IST" name="Test" finished-at="2023-12-14T14:00:42 IST" duration-ms="30191">
      <class name="api.testValidations.testValidations">
        <test-method is-config="true" signature="setUpPayload()[pri:0, instance:api.testValidations.testValidations@5dcb4f5f]" started-at="2023-12-14T14:00:35 IST" name="setUpPayload" finished-at="2023-12-14T14:00:35 IST" duration-ms="213" status="PASS">
          <reporter-output>
          </reporter-output>
        </test-method> <!-- setUpPayload -->
        <test-method signature="testPOST()[pri:1, instance:api.testValidations.testValidations@5dcb4f5f]" started-at="2023-12-14T14:00:35 IST" name="testPOST" finished-at="2023-12-14T14:00:37 IST" duration-ms="1471" status="PASS">
          <reporter-output>
          </reporter-output>
        </test-method> <!-- testPOST -->
        <test-method is-config="true" signature="setUpPayload()[pri:0, instance:api.testValidations.testValidations@5dcb4f5f]" started-at="2023-12-14T14:00:37 IST" name="setUpPayload" finished-at="2023-12-14T14:00:37 IST" duration-ms="83" status="PASS">
          <reporter-output>
          </reporter-output>
        </test-method> <!-- setUpPayload -->
        <test-method signature="testGET()[pri:2, instance:api.testValidations.testValidations@5dcb4f5f]" started-at="2023-12-14T14:00:37 IST" name="testGET" finished-at="2023-12-14T14:00:38 IST" duration-ms="1499" status="PASS">
          <reporter-output>
          </reporter-output>
        </test-method> <!-- testGET -->
        <test-method is-config="true" signature="setUpPayload()[pri:0, instance:api.testValidations.testValidations@5dcb4f5f]" started-at="2023-12-14T14:00:38 IST" name="setUpPayload" finished-at="2023-12-14T14:00:38 IST" duration-ms="39" status="PASS">
          <reporter-output>
          </reporter-output>
        </test-method> <!-- setUpPayload -->
        <test-method signature="testPUT()[pri:3, instance:api.testValidations.testValidations@5dcb4f5f]" started-at="2023-12-14T14:00:38 IST" name="testPUT" finished-at="2023-12-14T14:00:40 IST" duration-ms="1494" status="PASS">
          <reporter-output>
          </reporter-output>
        </test-method> <!-- testPUT -->
        <test-method is-config="true" signature="setUpPayload()[pri:0, instance:api.testValidations.testValidations@5dcb4f5f]" started-at="2023-12-14T14:00:40 IST" name="setUpPayload" finished-at="2023-12-14T14:00:40 IST" duration-ms="21" status="PASS">
          <reporter-output>
          </reporter-output>
        </test-method> <!-- setUpPayload -->
        <test-method signature="testDELETE()[pri:4, instance:api.testValidations.testValidations@5dcb4f5f]" started-at="2023-12-14T14:00:40 IST" name="testDELETE" finished-at="2023-12-14T14:00:42 IST" duration-ms="2440" status="PASS">
          <reporter-output>
          </reporter-output>
        </test-method> <!-- testDELETE -->
      </class> <!-- api.testValidations.testValidations -->
      <class name="api.testValidations.dataDrivenValidations">
        <test-method signature="testPOST(java.lang.String,java.lang.String,java.lang.String,java.lang.String)[pri:1, instance:api.testValidations.dataDrivenValidations@5e4bd84a]" started-at="2023-12-14T14:00:14 IST" name="testPOST" data-provider="Data" finished-at="2023-12-14T14:00:18 IST" duration-ms="3857" status="PASS">
          <params>
            <param index="0">
              <value>
                <![CDATA[1200]]>
              </value>
            </param>
            <param index="1">
              <value>
                <![CDATA[50]]>
              </value>
            </param>
            <param index="2">
              <value>
                <![CDATA[Palash]]>
              </value>
            </param>
            <param index="3">
              <value>
                <![CDATA[Marconi]]>
              </value>
            </param>
          </params>
          <reporter-output>
          </reporter-output>
        </test-method> <!-- testPOST -->
        <test-method signature="testPOST(java.lang.String,java.lang.String,java.lang.String,java.lang.String)[pri:1, instance:api.testValidations.dataDrivenValidations@5e4bd84a]" started-at="2023-12-14T14:00:18 IST" name="testPOST" data-provider="Data" finished-at="2023-12-14T14:00:20 IST" duration-ms="1477" status="PASS">
          <params>
            <param index="0">
              <value>
                <![CDATA[1300]]>
              </value>
            </param>
            <param index="1">
              <value>
                <![CDATA[45]]>
              </value>
            </param>
            <param index="2">
              <value>
                <![CDATA[Gutthi]]>
              </value>
            </param>
            <param index="3">
              <value>
                <![CDATA[Churmura ]]>
              </value>
            </param>
          </params>
          <reporter-output>
          </reporter-output>
        </test-method> <!-- testPOST -->
        <test-method signature="testPOST(java.lang.String,java.lang.String,java.lang.String,java.lang.String)[pri:1, instance:api.testValidations.dataDrivenValidations@5e4bd84a]" started-at="2023-12-14T14:00:20 IST" name="testPOST" data-provider="Data" finished-at="2023-12-14T14:00:21 IST" duration-ms="1533" status="PASS">
          <params>
            <param index="0">
              <value>
                <![CDATA[1400]]>
              </value>
            </param>
            <param index="1">
              <value>
                <![CDATA[23]]>
              </value>
            </param>
            <param index="2">
              <value>
                <![CDATA[Patthi]]>
              </value>
            </param>
            <param index="3">
              <value>
                <![CDATA[Piloi]]>
              </value>
            </param>
          </params>
          <reporter-output>
          </reporter-output>
        </test-method> <!-- testPOST -->
        <test-method signature="testPOST(java.lang.String,java.lang.String,java.lang.String,java.lang.String)[pri:1, instance:api.testValidations.dataDrivenValidations@5e4bd84a]" started-at="2023-12-14T14:00:21 IST" name="testPOST" data-provider="Data" finished-at="2023-12-14T14:00:23 IST" duration-ms="1535" status="PASS">
          <params>
            <param index="0">
              <value>
                <![CDATA[1340]]>
              </value>
            </param>
            <param index="1">
              <value>
                <![CDATA[34]]>
              </value>
            </param>
            <param index="2">
              <value>
                <![CDATA[Kutti]]>
              </value>
            </param>
            <param index="3">
              <value>
                <![CDATA[Chutiya]]>
              </value>
            </param>
          </params>
          <reporter-output>
          </reporter-output>
        </test-method> <!-- testPOST -->
        <test-method signature="testGET(java.lang.String)[pri:2, instance:api.testValidations.dataDrivenValidations@5e4bd84a]" started-at="2023-12-14T14:00:23 IST" name="testGET" data-provider="authID" finished-at="2023-12-14T14:00:24 IST" duration-ms="1514" status="PASS">
          <params>
            <param index="0">
              <value>
                <![CDATA[50]]>
              </value>
            </param>
          </params>
          <reporter-output>
          </reporter-output>
        </test-method> <!-- testGET -->
        <test-method signature="testGET(java.lang.String)[pri:2, instance:api.testValidations.dataDrivenValidations@5e4bd84a]" started-at="2023-12-14T14:00:24 IST" name="testGET" data-provider="authID" finished-at="2023-12-14T14:00:26 IST" duration-ms="1536" status="PASS">
          <params>
            <param index="0">
              <value>
                <![CDATA[45]]>
              </value>
            </param>
          </params>
          <reporter-output>
          </reporter-output>
        </test-method> <!-- testGET -->
        <test-method signature="testGET(java.lang.String)[pri:2, instance:api.testValidations.dataDrivenValidations@5e4bd84a]" started-at="2023-12-14T14:00:26 IST" name="testGET" data-provider="authID" finished-at="2023-12-14T14:00:27 IST" duration-ms="1532" status="PASS">
          <params>
            <param index="0">
              <value>
                <![CDATA[23]]>
              </value>
            </param>
          </params>
          <reporter-output>
          </reporter-output>
        </test-method> <!-- testGET -->
        <test-method signature="testGET(java.lang.String)[pri:2, instance:api.testValidations.dataDrivenValidations@5e4bd84a]" started-at="2023-12-14T14:00:27 IST" name="testGET" data-provider="authID" finished-at="2023-12-14T14:00:29 IST" duration-ms="1433" status="PASS">
          <params>
            <param index="0">
              <value>
                <![CDATA[34]]>
              </value>
            </param>
          </params>
          <reporter-output>
          </reporter-output>
        </test-method> <!-- testGET -->
        <test-method signature="testDELETE(java.lang.String)[pri:3, instance:api.testValidations.dataDrivenValidations@5e4bd84a]" started-at="2023-12-14T14:00:29 IST" name="testDELETE" data-provider="authID" finished-at="2023-12-14T14:00:31 IST" duration-ms="1515" status="PASS">
          <params>
            <param index="0">
              <value>
                <![CDATA[50]]>
              </value>
            </param>
          </params>
          <reporter-output>
          </reporter-output>
        </test-method> <!-- testDELETE -->
        <test-method signature="testDELETE(java.lang.String)[pri:3, instance:api.testValidations.dataDrivenValidations@5e4bd84a]" started-at="2023-12-14T14:00:31 IST" name="testDELETE" data-provider="authID" finished-at="2023-12-14T14:00:32 IST" duration-ms="1517" status="PASS">
          <params>
            <param index="0">
              <value>
                <![CDATA[45]]>
              </value>
            </param>
          </params>
          <reporter-output>
          </reporter-output>
        </test-method> <!-- testDELETE -->
        <test-method signature="testDELETE(java.lang.String)[pri:3, instance:api.testValidations.dataDrivenValidations@5e4bd84a]" started-at="2023-12-14T14:00:32 IST" name="testDELETE" data-provider="authID" finished-at="2023-12-14T14:00:34 IST" duration-ms="1434" status="PASS">
          <params>
            <param index="0">
              <value>
                <![CDATA[23]]>
              </value>
            </param>
          </params>
          <reporter-output>
          </reporter-output>
        </test-method> <!-- testDELETE -->
        <test-method signature="testDELETE(java.lang.String)[pri:3, instance:api.testValidations.dataDrivenValidations@5e4bd84a]" started-at="2023-12-14T14:00:34 IST" name="testDELETE" data-provider="authID" finished-at="2023-12-14T14:00:35 IST" duration-ms="1534" status="PASS">
          <params>
            <param index="0">
              <value>
                <![CDATA[34]]>
              </value>
            </param>
          </params>
          <reporter-output>
          </reporter-output>
        </test-method> <!-- testDELETE -->
      </class> <!-- api.testValidations.dataDrivenValidations -->
    </test> <!-- Test -->
  </suite> <!-- Suite -->
</testng-results>
