<?xml version="1.0" encoding="UTF-8"?>
<testsuite xmlns:xsi="http://www.w3.org/2001/XMLSchema-instance" xsi:noNamespaceSchemaLocation="https://maven.apache.org/surefire/maven-surefire-plugin/xsd/surefire-test-report-3.0.xsd" version="3.0" name="TestSuite" time="31.916" tests="16" errors="0" skipped="0" failures="0">
  <properties>
[...]
</properties>
  <testcase name="testPOST[1200, 50, Palash, Marconi](1)" classname="api.testValidations.dataDrivenValidations" time="3.865"/>
  <testcase name="testPOST[1300, 45, Gutthi, Churmura ](2)" classname="api.testValidations.dataDrivenValidations" time="1.476"/>
  <testcase name="testPOST[1400, 23, Patthi, Piloi](3)" classname="api.testValidations.dataDrivenValidations" time="1.535"/>
  <testcase name="testPOST[1340, 34, Kutti, Chutiya](4)" classname="api.testValidations.dataDrivenValidations" time="1.536"/>
  <testcase name="testGET[50](1)" classname="api.testValidations.dataDrivenValidations" time="1.516"/>
  <testcase name="testGET[45](2)" classname="api.testValidations.dataDrivenValidations" time="1.537"/>
  <testcase name="testGET[23](3)" classname="api.testValidations.dataDrivenValidations" time="1.533"/>
  <testcase name="testGET[34](4)" classname="api.testValidations.dataDrivenValidations" time="1.435"/>
  <testcase name="testDELETE[50](1)" classname="api.testValidations.dataDrivenValidations" time="1.532"/>
  <testcase name="testDELETE[45](2)" classname="api.testValidations.dataDrivenValidations" time="1.519"/>
  <testcase name="testDELETE[23](3)" classname="api.testValidations.dataDrivenValidations" time="1.433"/>
  <testcase name="testDELETE[34](4)" classname="api.testValidations.dataDrivenValidations" time="1.533"/>
  <testcase name="testPOST" classname="api.testValidations.testValidations" time="1.494">
    <system-out><![CDATA[HTTP/1.1 200 OK
Content-Type: application/json; charset=utf-8; v=1.0
Date: Thu, 14 Dec 2023 08:28:20 GMT
Server: Kestrel
Transfer-Encoding: chunked
api-supported-versions: 1.0

{
    "id": 1303849183,
    "idBook": 11588583,
    "firstName": "Ron",
    "lastName": "Goyette"
}
]]></system-out>
  </testcase>
  <testcase name="testGET" classname="api.testValidations.testValidations" time="1.516">
    <system-out><![CDATA[HTTP/1.1 404 Not Found
Content-Type: application/problem+json; charset=utf-8; v=1.0
Date: Thu, 14 Dec 2023 08:28:22 GMT
Server: Kestrel
Transfer-Encoding: chunked
api-supported-versions: 1.0

{
    "type": "https://tools.ietf.org/html/rfc7231#section-6.5.4",
    "title": "Not Found",
    "status": 404,
    "traceId": "00-6cee414dc8c0ab44a3c9b722f0c00b88-56f753e2260dbd4a-00"
}
]]></system-out>
  </testcase>
  <testcase name="testPUT" classname="api.testValidations.testValidations" time="1.513">
    <system-out><![CDATA[HTTP/1.1 200 OK
Content-Type: application/json; charset=utf-8; v=1.0
Date: Thu, 14 Dec 2023 08:28:23 GMT
Server: Kestrel
Transfer-Encoding: chunked
api-supported-versions: 1.0

{
    "id": 1779044114,
    "idBook": 191883794,
    "firstName": "Erma",
    "lastName": "Pacocha"
}
]]></system-out>
  </testcase>
  <testcase name="testDELETE" classname="api.testValidations.testValidations" time="2.446">
    <system-out><![CDATA[HTTP/1.1 200 OK
Content-Length: 0
Date: Thu, 14 Dec 2023 08:28:26 GMT
Server: Kestrel
api-supported-versions: 1.0
]]></system-out>
  </testcase>
</testsuite>